0 info it worked if it ends with ok
1 verbose cli [ '/usr/local/bin/node', '/usr/local/bin/npm', 'install' ]
2 info using npm@1.4.29
3 info using node@v0.10.43
4 warn deprecated This version of npm lacks support for important features,
5 warn deprecated such as scoped packages, offered by the primary npm
6 warn deprecated registry. Consider upgrading to at least npm@2, if not the
7 warn deprecated latest stable version. To upgrade to npm@2, run:
8 warn deprecated npm -g install npm@latest-2
9 warn deprecated To upgrade to the latest stable version, run:
10 warn deprecated npm -g install npm@latest
11 warn deprecated (Depending on how Node.js was installed on your system, you
12 warn deprecated may need to prefix the preceding commands with `sudo`, or if
13 warn deprecated on Windows, run them from an Administrator prompt.)
14 warn deprecated If you're running the version of npm bundled with
15 warn deprecated Node.js 0.10 LTS, be aware that the next version of 0.10 LTS
16 warn deprecated will be bundled with a version of npm@2, which has some small
17 warn deprecated backwards-incompatible changes made to `npm run-script` and
18 warn deprecated semver behavior.
19 error install Couldn't read dependencies
20 error package.json ENOENT, open '/Users/rpavez/Sites/SaaSManager/scripts/oracle/diff_scripts/package.json'
20 error package.json This is most likely not a problem with npm itself.
20 error package.json npm can't find a package.json file in your current directory.
21 error System Darwin 13.4.0
22 error command "/usr/local/bin/node" "/usr/local/bin/npm" "install"
23 error cwd /Users/rpavez/Sites/SaaSManager/scripts/oracle/diff_scripts
24 error node -v v0.10.43
25 error npm -v 1.4.29
26 error path /Users/rpavez/Sites/SaaSManager/scripts/oracle/diff_scripts/package.json
27 error code ENOPACKAGEJSON
28 error errno 34
29 verbose exit [ 34, true ]
